help.are
social.are
rot.are
group.are
olc.hlp
limbo.are
plains.are
ofcol2.are
olympus.are
shire.are
morgue.are
immort.are
midgaard.are
hitower.are
gnome.are
wyvern.are
catacomb.are
hood.are
draconia.are
mahntor.are
trollden.are
chapel.are
midennir.are
grave.are
school.are
camelot.are
moria.are
eastern.are
drow.are
thalos.are
mirror.are
ofcol.are
arachnos.are
haon.are
dwarven.are
daycare.are
quifael.are
sewer.are
astral.are
valley.are
redferne.are
mega1.are
marsh.are
dream.are
pyramid.are
grove.are
nirvana.are
dylan.are
canyon.are
galaxy.are
mobfact.are
newthalos.are
tohell.are
divsouls.are
dark.are
drakyri.are
stonebow.are
sacrifice.are
pirate.are
fanatics.are
test.are
shadun.are
shane.are
orch.are
arena.are
insane.are
avalan.are
realava.are
waterf.are
clanha.are
noreturn.are
lone.are
nnram.are
forbid.are
mnram2.are
tempest.are
tomb.are
atlantis.are
timah.are
city.are
asgard.are
dryad1.are
quest.are
shaolinm.are
inferno.are
gtoshi.are
$
